<?xml version="1.0" encoding="UTF-8"?>
<!-- Generated by org.testng.reporters.JUnitReportReporter -->
<testsuite skipped="0" hostname="L-SB8L0AYFFT-M" name="test.ExtentReportsDemoWithTestNG" tests="2" failures="0" timestamp="06 Mar 2019 07:09:55 GMT" time="0.015" errors="0">
  <testcase name="test1" time="0.013" classname="test.ExtentReportsDemoWithTestNG"/>
  <testcase name="test2" time="0.002" classname="test.ExtentReportsDemoWithTestNG"/>
</testsuite> <!-- test.ExtentReportsDemoWithTestNG -->
