<?xml version="1.0" encoding="UTF-8"?>
<!-- Generated by org.testng.reporters.JUnitReportReporter -->
<testsuite skipped="0" hostname="L-SB8L0AYFFT-M" name="test.TestNG_Demo" tests="1" failures="0" timestamp="28 Feb 2019 05:52:04 GMT" time="1.775" errors="0">
  <testcase name="googleSearch" time="1.775" classname="test.TestNG_Demo"/>
</testsuite> <!-- test.TestNG_Demo -->
