<?xml version="1.0" encoding="UTF-8"?>
<!-- Generated by org.testng.reporters.JUnitReportReporter -->
<testsuite skipped="0" hostname="L-SB8L0AYFFT-M" name="test.TestNG_Demo" tests="1" failures="0" timestamp="12 Mar 2019 03:55:27 GMT" time="2.906" errors="0">
  <testcase name="googleSearch" time="2.906" classname="test.TestNG_Demo"/>
</testsuite> <!-- test.TestNG_Demo -->
