<?xml version="1.0" encoding="UTF-8"?>
<!-- Generated by org.testng.reporters.JUnitReportReporter -->
<testsuite skipped="0" hostname="L-SB8L0AYFFT-M" name="test.TestNG_Demo2" tests="1" failures="0" timestamp="12 Mar 2019 03:55:27 GMT" time="2.905" errors="0">
  <testcase name="googleSearch3" time="2.905" classname="test.TestNG_Demo2"/>
</testsuite> <!-- test.TestNG_Demo2 -->
