<?xml version="1.0" encoding="UTF-8"?>
<!-- Generated by org.testng.reporters.JUnitReportReporter -->
<testsuite skipped="0" hostname="L-SB8L0AYFFT-M" name="test.TestNG_Demo" tests="1" failures="0" timestamp="01 Mar 2019 06:01:08 GMT" time="1.931" errors="0">
  <testcase name="googleSearch" time="1.931" classname="test.TestNG_Demo"/>
</testsuite> <!-- test.TestNG_Demo -->
